Using pre-set license
Built from '2020.3/staging' branch; Version is '2020.3.10f1 (297d780c91bc) revision 2719096'; Using compiler version '192528614'; Build Type 'Release'
OS: 'Windows 10 Home; OS build 19041.1052; Version 2004; 64bit' Language: 'pl' Physical Memory: 32689 MB
BatchMode: 1, IsHumanControllingUs: 0, StartBugReporterOnCrash: 0, Is64bit: 1, IsPro: 0

 COMMAND LINE ARGUMENTS:
C:\Program Files\Unity\Hub\Editor\2020.3.10f1\Editor\Unity.exe
-adb2
-batchMode
-noUpm
-name
AssetImportWorker0
-projectPath
C:/UnityProjects/SpacePrototype
-logFile
Logs/AssetImportWorker0.log
-srvPort
62764
Successfully changed project path to: C:/UnityProjects/SpacePrototype
C:/UnityProjects/SpacePrototype
Using Asset Import Pipeline V2.
Refreshing native plugins compatible for Editor in 42.51 ms, found 3 plugins.
Preloading 0 native plugins for Editor in 0.00 ms.
Initialize engine version: 2020.3.10f1 (297d780c91bc)
[Subsystems] Discovering subsystems at path C:/Program Files/Unity/Hub/Editor/2020.3.10f1/Editor/Data/Resources/UnitySubsystems
[Subsystems] Discovering subsystems at path C:/UnityProjects/SpacePrototype/Assets
GfxDevice: creating device client; threaded=0
Direct3D:
    Version:  Direct3D 11.0 [level 11.1]
    Renderer: NVIDIA GeForce GTX 1650 (ID=0x2188)
    Vendor:   
    VRAM:     3962 MB
    Driver:   27.21.14.6663
Shader 'Universal Render Pipeline/Particles/Lit': fallback shader 'Universal Render Pipeline/Particles/SimpleLit' not found
Initialize mono
Mono path[0] = 'C:/Program Files/Unity/Hub/Editor/2020.3.10f1/Editor/Data/Managed'
Mono path[1] = 'C:/Program Files/Unity/Hub/Editor/2020.3.10f1/Editor/Data/MonoBleedingEdge/lib/mono/unityjit'
Mono config path = 'C:/Program Files/Unity/Hub/Editor/2020.3.10f1/Editor/Data/MonoBleedingEdge/etc'
Using monoOptions --debugger-agent=transport=dt_socket,embedding=1,server=y,suspend=n,address=127.0.0.1:56972
Begin MonoManager ReloadAssembly
Registering precompiled unity dll's ...
Register platform support module: C:/Program Files/Unity/Hub/Editor/2020.3.10f1/Editor/Data/PlaybackEngines/WebGLSupport/UnityEditor.WebGL.Extensions.dll
Register platform support module: C:/Program Files/Unity/Hub/Editor/2020.3.10f1/Editor/Data/PlaybackEngines/WindowsStandaloneSupport/UnityEditor.WindowsStandalone.Extensions.dll
Registered in 0.001618 seconds.
Native extension for WindowsStandalone target not found
Native extension for WebGL target not found
Refreshing native plugins compatible for Editor in 41.91 ms, found 3 plugins.
Preloading 0 native plugins for Editor in 0.00 ms.
Mono: successfully reloaded assembly
- Completed reload, in  1.200 seconds
Platform modules already initialized, skipping
Registering precompiled user dll's ...
Registered in 0.002945 seconds.
Begin MonoManager ReloadAssembly
Native extension for WindowsStandalone target not found
Native extension for WebGL target not found
Refreshing native plugins compatible for Editor in 42.50 ms, found 3 plugins.
Preloading 0 native plugins for Editor in 0.00 ms.
Mono: successfully reloaded assembly
- Completed reload, in  0.775 seconds
Platform modules already initialized, skipping
========================================================================
Worker process is ready to serve import requests
Shader 'Universal Render Pipeline/Particles/Lit': fallback shader 'Universal Render Pipeline/Particles/SimpleLit' not found
Launched and connected shader compiler UnityShaderCompiler.exe after 0.03 seconds
Refreshing native plugins compatible for Editor in 0.65 ms, found 3 plugins.
Preloading 0 native plugins for Editor in 0.00 ms.
Unloading 3616 Unused Serialized files (Serialized files now loaded: 0)
System memory in use before: 151.0 MB.
System memory in use after: 151.2 MB.

Unloading 32 unused Assets to reduce memory usage. Loaded Objects now: 4056.
Total: 2.563300 ms (FindLiveObjects: 0.339700 ms CreateObjectMapping: 0.151900 ms MarkObjects: 2.013100 ms  DeleteObjects: 0.058000 ms)

========================================================================
Received Import Request.
  path: Assets/Simple 2D Platformer BE2/Readme.asset
  artifactKey: Guid(53e51aee442d4ef479557f25a7bd3230) Importer(815301076,1909f56bfc062723c751e8b465ee728b)
Start importing Assets/Simple 2D Platformer BE2/Readme.asset using Guid(53e51aee442d4ef479557f25a7bd3230) Importer(815301076,1909f56bfc062723c751e8b465ee728b)  -> (artifact id: 'b814a4d81eebb6d6ef9520e0ca1fa504') in 0.021819 seconds
  Import took 0.025858 seconds .

========================================================================
Received Import Request.
  Time since last request: 7.503675 seconds.
  path: Assets/SampleAssets/Sprites/Coins.png
  artifactKey: Guid(274d64617113287499ed1c4165d1d8f3) Importer(815301076,1909f56bfc062723c751e8b465ee728b)
Start importing Assets/SampleAssets/Sprites/Coins.png using Guid(274d64617113287499ed1c4165d1d8f3) Importer(815301076,1909f56bfc062723c751e8b465ee728b)  -> (artifact id: '2132d059d4d1eed3893c2b4f54f4b652') in 0.065792 seconds
  Import took 0.070327 seconds .

========================================================================
Received Import Request.
  Time since last request: 0.000157 seconds.
  path: Assets/SampleAssets/Sprites/Objects.png
  artifactKey: Guid(f73dfe034c22cfc41bd7e8799020a5ac) Importer(815301076,1909f56bfc062723c751e8b465ee728b)
Start importing Assets/SampleAssets/Sprites/Objects.png using Guid(f73dfe034c22cfc41bd7e8799020a5ac) Importer(815301076,1909f56bfc062723c751e8b465ee728b)  -> (artifact id: '73648cdf34f3652683fb26519be27d61') in 0.010743 seconds
  Import took 0.013768 seconds .

========================================================================
Received Import Request.
  Time since last request: 0.000123 seconds.
  path: Assets/SampleAssets/Sprites/Platforms.png
  artifactKey: Guid(e85c6e02fda4a004b84664f435ad4d73) Importer(815301076,1909f56bfc062723c751e8b465ee728b)
Start importing Assets/SampleAssets/Sprites/Platforms.png using Guid(e85c6e02fda4a004b84664f435ad4d73) Importer(815301076,1909f56bfc062723c751e8b465ee728b)  -> (artifact id: 'a52b6fa6ea283d96fccc74d780e81e15') in 0.034725 seconds
  Import took 0.038707 seconds .

========================================================================
Received Import Request.
  Time since last request: 0.000121 seconds.
  path: Assets/SampleAssets/Sprites/Player.png
  artifactKey: Guid(10f3cacccb0c4c547be76836eba20664) Importer(815301076,1909f56bfc062723c751e8b465ee728b)
Start importing Assets/SampleAssets/Sprites/Player.png using Guid(10f3cacccb0c4c547be76836eba20664) Importer(815301076,1909f56bfc062723c751e8b465ee728b)  -> (artifact id: '2f784e1b6f6dc238b0957e0aa4d7e356') in 0.012457 seconds
  Import took 0.016318 seconds .

========================================================================
Received Import Request.
  Time since last request: 33.869806 seconds.
  path: Assets/SampleAssets/Sprites
  artifactKey: Guid(d35022487eaac8945aa36ed98707fea2) Importer(815301076,1909f56bfc062723c751e8b465ee728b)
Start importing Assets/SampleAssets/Sprites using Guid(d35022487eaac8945aa36ed98707fea2) Importer(815301076,1909f56bfc062723c751e8b465ee728b)  -> (artifact id: '9d241966742c5188147634e720b1f5cc') in 0.004939 seconds
  Import took 0.009473 seconds .

========================================================================
Received Import Request.
  Time since last request: 0.001504 seconds.
  path: Assets/SampleAssets/Sprites
  artifactKey: Guid(d35022487eaac8945aa36ed98707fea2) Importer(815301076,1909f56bfc062723c751e8b465ee728b)
Start importing Assets/SampleAssets/Sprites using Guid(d35022487eaac8945aa36ed98707fea2) Importer(815301076,1909f56bfc062723c751e8b465ee728b)  -> (artifact id: '9d241966742c5188147634e720b1f5cc') in 0.001551 seconds
  Import took 0.005300 seconds .

========================================================================
Received Import Request.
  Time since last request: 59.612685 seconds.
  path: Assets/SampleAssets/New Palette.prefab
  artifactKey: Guid(c86f3c9a48fdc584ab306e7770e027fe) Importer(815301076,1909f56bfc062723c751e8b465ee728b)
Start importing Assets/SampleAssets/New Palette.prefab using Guid(c86f3c9a48fdc584ab306e7770e027fe) Importer(815301076,1909f56bfc062723c751e8b465ee728b)  -> (artifact id: 'bbf66b1c558daf877a5b92993aa24cfa') in 0.010231 seconds
  Import took 0.014663 seconds .

========================================================================
Received Import Request.
  Time since last request: 58.263553 seconds.
  path: Assets/SampleAssets/Sprites/Bottom.asset
  artifactKey: Guid(1bb86f7a739824c4b8628b75b755d1ba) Importer(815301076,1909f56bfc062723c751e8b465ee728b)
Start importing Assets/SampleAssets/Sprites/Bottom.asset using Guid(1bb86f7a739824c4b8628b75b755d1ba) Importer(815301076,1909f56bfc062723c751e8b465ee728b)  -> (artifact id: 'a74cbb4f577a6b224ad8be84db00d078') in 0.053296 seconds
  Import took 0.057764 seconds .

========================================================================
Received Import Request.
  Time since last request: 17.765950 seconds.
  path: Assets/SampleAssets/Sprites/Platforms.png
  artifactKey: Guid(e85c6e02fda4a004b84664f435ad4d73) Importer(815301076,1909f56bfc062723c751e8b465ee728b)
Start importing Assets/SampleAssets/Sprites/Platforms.png using Guid(e85c6e02fda4a004b84664f435ad4d73) Importer(815301076,1909f56bfc062723c751e8b465ee728b)  -> (artifact id: '9ad493d2e2d49def546b404a1612af1b') in 0.024317 seconds
  Import took 0.028839 seconds .

========================================================================
Received Import Request.
  Time since last request: 61.956783 seconds.
  path: Assets/SampleAssets/Sprites/Bottom Left.asset
  artifactKey: Guid(2dd09343832447245a971adb7e44959d) Importer(815301076,1909f56bfc062723c751e8b465ee728b)
Start importing Assets/SampleAssets/Sprites/Bottom Left.asset using Guid(2dd09343832447245a971adb7e44959d) Importer(815301076,1909f56bfc062723c751e8b465ee728b)  -> (artifact id: '27bc261859679ab42e92c629bea78a1d') in 0.007533 seconds
  Import took 0.011428 seconds .

========================================================================
Received Import Request.
  Time since last request: 6.149914 seconds.
  path: Assets/SampleAssets/Sprites/Bottom Right.asset
  artifactKey: Guid(f3ab8cf0786bcae438ec5def0780f25b) Importer(815301076,1909f56bfc062723c751e8b465ee728b)
Start importing Assets/SampleAssets/Sprites/Bottom Right.asset using Guid(f3ab8cf0786bcae438ec5def0780f25b) Importer(815301076,1909f56bfc062723c751e8b465ee728b)  -> (artifact id: 'bec53902d9a310ef0268aa9c3008836d') in 0.008241 seconds
  Import took 0.013228 seconds .

========================================================================
Received Import Request.
  Time since last request: 4.233028 seconds.
  path: Assets/SampleAssets/Sprites/Middle Left.asset
  artifactKey: Guid(145d33d9e66134548a9cdcb0ccc070b6) Importer(815301076,1909f56bfc062723c751e8b465ee728b)
Start importing Assets/SampleAssets/Sprites/Middle Left.asset using Guid(145d33d9e66134548a9cdcb0ccc070b6) Importer(815301076,1909f56bfc062723c751e8b465ee728b)  -> (artifact id: '7c4943facaf461c462be551c98901447') in 0.008926 seconds
  Import took 0.013378 seconds .

========================================================================
Received Import Request.
  Time since last request: 3.450712 seconds.
  path: Assets/SampleAssets/Sprites/Middle Right.asset
  artifactKey: Guid(601dd1e8c331d6f429399e953d6342b5) Importer(815301076,1909f56bfc062723c751e8b465ee728b)
Start importing Assets/SampleAssets/Sprites/Middle Right.asset using Guid(601dd1e8c331d6f429399e953d6342b5) Importer(815301076,1909f56bfc062723c751e8b465ee728b)  -> (artifact id: '3390974c1ad9096da5e094dd3d6c2dba') in 0.007635 seconds
  Import took 0.011972 seconds .

========================================================================
Received Import Request.
  Time since last request: 15.520091 seconds.
  path: Assets/SampleAssets/Sprites/Single.asset
  artifactKey: Guid(65b728c049c09bb498b0b873e7a58aa2) Importer(815301076,1909f56bfc062723c751e8b465ee728b)
Start importing Assets/SampleAssets/Sprites/Single.asset using Guid(65b728c049c09bb498b0b873e7a58aa2) Importer(815301076,1909f56bfc062723c751e8b465ee728b)  -> (artifact id: '30a73c5e44a74029d4497a62c121cd1e') in 0.008164 seconds
  Import took 0.012081 seconds .

========================================================================
Received Import Request.
  Time since last request: 10.601713 seconds.
  path: Assets/SampleAssets/Sprites/Single Left.asset
  artifactKey: Guid(b0a648521d4c0db4598c8ca9039ac309) Importer(815301076,1909f56bfc062723c751e8b465ee728b)
Start importing Assets/SampleAssets/Sprites/Single Left.asset using Guid(b0a648521d4c0db4598c8ca9039ac309) Importer(815301076,1909f56bfc062723c751e8b465ee728b)  -> (artifact id: '75039e7855649fc261459931a219534c') in 0.008265 seconds
  Import took 0.012720 seconds .

========================================================================
Received Import Request.
  Time since last request: 1.484169 seconds.
  path: Assets/SampleAssets/Sprites/Single Right.asset
  artifactKey: Guid(7b710fa92e72f5b448617ec428b7f1d4) Importer(815301076,1909f56bfc062723c751e8b465ee728b)
Start importing Assets/SampleAssets/Sprites/Single Right.asset using Guid(7b710fa92e72f5b448617ec428b7f1d4) Importer(815301076,1909f56bfc062723c751e8b465ee728b)  -> (artifact id: '6fa3ba36059092fd7ef21193ef9199e7') in 0.015413 seconds
  Import took 0.019869 seconds .

========================================================================
Received Import Request.
  Time since last request: 3.128538 seconds.
  path: Assets/SampleAssets/Sprites/Slope Left.asset
  artifactKey: Guid(b02347dd86a053340b7467a0cb4d4758) Importer(815301076,1909f56bfc062723c751e8b465ee728b)
Start importing Assets/SampleAssets/Sprites/Slope Left.asset using Guid(b02347dd86a053340b7467a0cb4d4758) Importer(815301076,1909f56bfc062723c751e8b465ee728b)  -> (artifact id: 'ea526ea2b97b1dbceac69b0b057df84b') in 0.008618 seconds
  Import took 0.012592 seconds .

========================================================================
Received Import Request.
  Time since last request: 2.542024 seconds.
  path: Assets/SampleAssets/Sprites/Slope Right.asset
  artifactKey: Guid(8ecebb7c82f71f3489d11bb9088a7f9b) Importer(815301076,1909f56bfc062723c751e8b465ee728b)
Start importing Assets/SampleAssets/Sprites/Slope Right.asset using Guid(8ecebb7c82f71f3489d11bb9088a7f9b) Importer(815301076,1909f56bfc062723c751e8b465ee728b)  -> (artifact id: '75f47b51138cc499b3a66ea3a3927df7') in 0.013818 seconds
  Import took 0.018544 seconds .

========================================================================
Received Import Request.
  Time since last request: 4.301301 seconds.
  path: Assets/SampleAssets/Sprites/Slope Under Left.asset
  artifactKey: Guid(fd2671b849c051d48839de3315286644) Importer(815301076,1909f56bfc062723c751e8b465ee728b)
Start importing Assets/SampleAssets/Sprites/Slope Under Left.asset using Guid(fd2671b849c051d48839de3315286644) Importer(815301076,1909f56bfc062723c751e8b465ee728b)  -> (artifact id: '5ff2e3b4ee739d8f11aabc9e5524597f') in 0.007311 seconds
  Import took 0.011241 seconds .

========================================================================
Received Import Request.
  Time since last request: 4.185884 seconds.
  path: Assets/SampleAssets/Sprites/Slope Under Right.asset
  artifactKey: Guid(c3d67fd1ce906fa4293124b7b152f730) Importer(815301076,1909f56bfc062723c751e8b465ee728b)
Start importing Assets/SampleAssets/Sprites/Slope Under Right.asset using Guid(c3d67fd1ce906fa4293124b7b152f730) Importer(815301076,1909f56bfc062723c751e8b465ee728b)  -> (artifact id: 'f299169dece5067c3679dc68c9e2c4f5') in 0.011716 seconds
  Import took 0.015785 seconds .

========================================================================
Received Import Request.
  Time since last request: 15.720332 seconds.
  path: Assets/SampleAssets/Sprites/Top.asset
  artifactKey: Guid(ccfdcead40a77f94eaec0e0e8edcd790) Importer(815301076,1909f56bfc062723c751e8b465ee728b)
Start importing Assets/SampleAssets/Sprites/Top.asset using Guid(ccfdcead40a77f94eaec0e0e8edcd790) Importer(815301076,1909f56bfc062723c751e8b465ee728b)  -> (artifact id: '86258240503dc7be40ced5d71857e8bd') in 0.007382 seconds
  Import took 0.011778 seconds .

========================================================================
Received Import Request.
  Time since last request: 2.327652 seconds.
  path: Assets/SampleAssets/Sprites/Top Left.asset
  artifactKey: Guid(f7909c8252e38c44e92c9836e70b6202) Importer(815301076,1909f56bfc062723c751e8b465ee728b)
Start importing Assets/SampleAssets/Sprites/Top Left.asset using Guid(f7909c8252e38c44e92c9836e70b6202) Importer(815301076,1909f56bfc062723c751e8b465ee728b)  -> (artifact id: '9a10f13caefc3c3b0c129ed9001fcfd3') in 0.008030 seconds
  Import took 0.012792 seconds .

========================================================================
Received Import Request.
  Time since last request: 2.432247 seconds.
  path: Assets/SampleAssets/Sprites/Top Right.asset
  artifactKey: Guid(6d73ea1c34be437458874ac71cde725d) Importer(815301076,1909f56bfc062723c751e8b465ee728b)
Start importing Assets/SampleAssets/Sprites/Top Right.asset using Guid(6d73ea1c34be437458874ac71cde725d) Importer(815301076,1909f56bfc062723c751e8b465ee728b)  -> (artifact id: '4aee804042bac9ec8e574999687a433f') in 0.007171 seconds
  Import took 0.011080 seconds .

AssetImportWorkerClient::OnTransportError - code=2 error=End of file
